<!DOCTYPE html PUBLIC "-//W3C//DTD XHTML 1.1//EN" "https://www.w3.org/TR/xhtml11/DTD/xhtml11.dtd">
<html xmlns="https://www.w3.org/1999/xhtml">
<head>
<meta http-equiv="content-type" content="text/html; charset=UTF-8"/>
<title>TestNG Report</title>
<style type="text/css">table {margin-bottom:10px;border-collapse:collapse;empty-cells:show}th,td {border:1px solid #009;padding:.25em .5em}th {vertical-align:bottom}td {vertical-align:top}table a {font-weight:bold}.stripe td {background-color: #E6EBF9}.num {text-align:right}.passedodd td {background-color: #3F3}.passedeven td {background-color: #0A0}.skippedodd td {background-color: #DDD}.skippedeven td {background-color: #CCC}.failedodd td,.attn {background-color: #F33}.failedeven td,.stripe .attn {background-color: #D00}.stacktrace {white-space:pre;font-family:monospace}.totop {font-size:85%;text-align:center;border-bottom:2px solid #000}.invisible {display:none}</style>
</head>
<body>
<table>
<tr><th>Test</th><th># Passed</th><th># Skipped</th><th># Retried</th><th># Failed</th><th>Time (ms)</th><th>Included Groups</th><th>Excluded Groups</th></tr>
<tr><th colspan="8">Selenium 4 POC Tests </th></tr>
<tr><th colspan="8">Testing Web app</th></tr>
<tr><td><a href="#t0">Resources Tests</a></td><td class="num">2</td><td class="num">0</td><td class="num">0</td><td class="num">0</td><td class="num">18,633</td><td></td><td></td></tr>
<tr class="stripe"><td><a href="#t1">NavBar Tests</a></td><td class="num">3</td><td class="num">0</td><td class="num">0</td><td class="num">0</td><td class="num">18,666</td><td></td><td></td></tr>
<tr><td><a href="#t2">Home Page Tests</a></td><td class="num">8</td><td class="num">0</td><td class="num">0</td><td class="num attn">1</td><td class="num">62,987</td><td></td><td></td></tr>
<tr><th colspan="8">Testing API URLs</th></tr>
<tr class="stripe"><td><a href="#t3">Store Tests</a></td><td class="num">3</td><td class="num">0</td><td class="num">0</td><td class="num attn">1</td><td class="num">4,820</td><td></td><td></td></tr>
<tr><th>Total</th><th class="num">16</th><th class="num">0</th><th class="num">0</th><th class="num attn">2</th><th class="num">105,106</th><th colspan="2"></th></tr>
</table>
<table id='summary'><thead><tr><th>Class</th><th>Method</th><th>Start</th><th>Time (ms)</th></tr></thead><tbody><tr><th colspan="4">Selenium 4 POC Tests </th></tr></tbody><tbody><tr><th colspan="4">Testing Web app</th></tr></tbody><tbody id="t0"><tr><th colspan="4">Resources Tests &#8212; passed</th></tr><tr class="passedeven"><td rowspan="2">web.ResourcesTests</td><td><a href="#m0">isResourcePageLinksPresented</a></td><td rowspan="1">1675268557951</td><td rowspan="1">124</td></tr><tr class="passedeven"><td><a href="#m1">isResourcesPageHeadersPresented</a></td><td rowspan="1">1675268557895</td><td rowspan="1">55</td></tr></tbody>
<tbody id="t1"><tr><th colspan="4">NavBar Tests &#8212; passed</th></tr><tr class="passedeven"><td rowspan="3">web.NavBarTests</td><td><a href="#m2">isHomePageOpened</a></td><td rowspan="1">1675268575853</td><td rowspan="1">343</td></tr><tr class="passedeven"><td><a href="#m3">isResourcePageOpened</a></td><td rowspan="1">1675268576203</td><td rowspan="1">331</td></tr><tr class="passedeven"><td><a href="#m4">isUiTabPageOpened</a></td><td rowspan="1">1675268576542</td><td rowspan="1">282</td></tr></tbody>
<tbody id="t2"><tr><th colspan="4">Home Page Tests &#8212; failed</th></tr><tr class="failedeven"><td rowspan="1">web.HomePageTests</td><td><a href="#m5">trackProgressBarUpdate</a></td><td rowspan="1">1675268619473</td><td rowspan="1">20319</td></tr><tr><th colspan="4">Home Page Tests &#8212; passed</th></tr><tr class="passedeven"><td rowspan="8">web.HomePageTests</td><td><a href="#m6">isAjaxDataLoaded</a></td><td rowspan="1">1675268602209</td><td rowspan="1">15857</td></tr><tr class="passedeven"><td><a href="#m7">isAlertPopUpClosed</a></td><td rowspan="1">1675268595033</td><td rowspan="1">343</td></tr><tr class="passedeven"><td><a href="#m8">isButtonDispalyedAfterDealy</a></td><td rowspan="1">1675268596865</td><td rowspan="1">5326</td></tr><tr class="passedeven"><td><a href="#m9">isButtonIgnoringActionClicked</a></td><td rowspan="1">1675268618088</td><td rowspan="1">338</td></tr><tr class="passedeven"><td><a href="#m10">isCpuValueMatchChromeCpuValue</a></td><td rowspan="1">1675268618856</td><td rowspan="1">592</td></tr><tr class="passedeven"><td><a href="#m11">isDyanmicIdButtonChanged</a></td><td rowspan="1">1675268594636</td><td rowspan="1">383</td></tr><tr class="passedeven"><td><a href="#m12">isGreenButtonNotClickable</a></td><td rowspan="1">1675268595389</td><td rowspan="1">1453</td></tr><tr class="passedeven"><td><a href="#m13">isTextAddedToField</a></td><td rowspan="1">1675268618441</td><td rowspan="1">396</td></tr></tbody>
<tbody><tr><th colspan="4">Testing API URLs</th></tr></tbody><tbody id="t3"><tr><th colspan="4">Store Tests &#8212; failed</th></tr><tr class="failedeven"><td rowspan="1">api.StoreTests</td><td><a href="#m14">isInventroyReturned</a></td><td rowspan="1">1675268554888</td><td rowspan="1">734</td></tr><tr><th colspan="4">Store Tests &#8212; passed</th></tr><tr class="passedeven"><td rowspan="3">api.StoreTests</td><td><a href="#m15">isOrderAdded</a></td><td rowspan="1">1675268551165</td><td rowspan="1">2418</td></tr><tr class="passedeven"><td><a href="#m16">isOrderDeleted</a></td><td rowspan="1">1675268554246</td><td rowspan="1">641</td></tr><tr class="passedeven"><td><a href="#m17">isOrderIdRetrieved</a></td><td rowspan="1">1675268553587</td><td rowspan="1">659</td></tr></tbody>
</table>
<h2>Resources Tests</h2><h3 id="m0">web.ResourcesTests#isResourcePageLinksPresented</h3><table class="result"><tr><th class="invisible"/></tr></table><p class="totop"><a href="#summary">back to summary</a></p>
<h3 id="m1">web.ResourcesTests#isResourcesPageHeadersPresented</h3><table class="result"><tr><th class="invisible"/></tr></table><p class="totop"><a href="#summary">back to summary</a></p>
<h2>NavBar Tests</h2><h3 id="m2">web.NavBarTests#isHomePageOpened</h3><table class="result"><tr><th class="invisible"/></tr></table><p class="totop"><a href="#summary">back to summary</a></p>
<h3 id="m3">web.NavBarTests#isResourcePageOpened</h3><table class="result"><tr><th class="invisible"/></tr></table><p class="totop"><a href="#summary">back to summary</a></p>
<h3 id="m4">web.NavBarTests#isUiTabPageOpened</h3><table class="result"><tr><th class="invisible"/></tr></table><p class="totop"><a href="#summary">back to summary</a></p>
<h2>Home Page Tests</h2><h3 id="m5">web.HomePageTests#trackProgressBarUpdate</h3><table class="result"><tr><th>Exception</th></tr><tr><td><div class="stacktrace">org.openqa.selenium.TimeoutException: Expected condition failed: waiting for visibility of element located by By.xpath: //div[@aria-valuenow=75] (tried for 20 second(s) with 1 milliseconds interval)
	at org.openqa.selenium.support.ui.FluentWait.timeoutException(FluentWait.java:304)
	at org.openqa.selenium.support.ui.FluentWait.until(FluentWait.java:272)
	at webelement.HomeWebElement.trackProgressBarUpdateValueOf(HomeWebElement.java:239)
	at web.HomePageTests.trackProgressBarUpdate(HomePageTests.java:95)
	at java.base/java.util.ArrayList.forEach(ArrayList.java:1511)
Caused by: org.openqa.selenium.NoSuchElementException: no such element: Unable to locate element: {&quot;method&quot;:&quot;xpath&quot;,&quot;selector&quot;:&quot;//div[@aria-valuenow=75]&quot;}
  (Session info: chrome=109.0.5414.120)
For documentation on this error, please visit: https://www.seleniumhq.org/exceptions/no_such_element.html
Build info: version: &apos;3.141.59&apos;, revision: &apos;e82be7d358&apos;, time: &apos;2018-11-14T08:17:03&apos;
System info: host: &apos;EPESMALW03F9&apos;, ip: &apos;192.168.0.108&apos;, os.name: &apos;Windows 10&apos;, os.arch: &apos;amd64&apos;, os.version: &apos;10.0&apos;, java.version: &apos;17.0.4.1&apos;
Driver info: org.openqa.selenium.chrome.ChromeDriver
Capabilities {acceptInsecureCerts: false, browserName: chrome, browserVersion: 109.0.5414.120, chrome: {chromedriverVersion: 109.0.5414.74 (e7c5703604da..., userDataDir: C:\Users\Ahmed\AppData\Loca...}, goog:chromeOptions: {debuggerAddress: localhost:53505}, javascriptEnabled: true, networkConnectionEnabled: false, pageLoadStrategy: normal, platform: WINDOWS, platformName: WINDOWS, proxy: Proxy(), setWindowRect: true, strictFileInteractability: false, timeouts: {implicit: 0, pageLoad: 300000, script: 30000}, unhandledPromptBehavior: dismiss and notify, webauthn:extension:credBlob: true, webauthn:extension:largeBlob: true, webauthn:virtualAuthenticators: true}
Session ID: cdc5b055456c289d4cfc3bba66293995
*** Element info: {Using=xpath, value=//div[@aria-valuenow=75]}
	at org.openqa.selenium.remote.http.W3CHttpResponseCodec.createException(W3CHttpResponseCodec.java:187)
	at org.openqa.selenium.remote.http.W3CHttpResponseCodec.decode(W3CHttpResponseCodec.java:122)
	at org.openqa.selenium.remote.http.W3CHttpResponseCodec.decode(W3CHttpResponseCodec.java:49)
	at org.openqa.selenium.remote.HttpCommandExecutor.execute(HttpCommandExecutor.java:158)
	at org.openqa.selenium.remote.service.DriverCommandExecutor.execute(DriverCommandExecutor.java:83)
	at org.openqa.selenium.remote.RemoteWebDriver.execute(RemoteWebDriver.java:552)
	at org.openqa.selenium.remote.RemoteWebDriver.findElement(RemoteWebDriver.java:323)
	at org.openqa.selenium.remote.RemoteWebDriver.findElementByXPath(RemoteWebDriver.java:428)
	at org.openqa.selenium.By$ByXPath.findElement(By.java:353)
	at org.openqa.selenium.remote.RemoteWebDriver.findElement(RemoteWebDriver.java:315)
	at org.openqa.selenium.support.ui.ExpectedConditions$7.apply(ExpectedConditions.java:205)
	at org.openqa.selenium.support.ui.ExpectedConditions$7.apply(ExpectedConditions.java:201)
	at org.openqa.selenium.support.ui.FluentWait.until(FluentWait.java:249)
	... 31 more
... Removed 32 stack frames</div></td></tr></table><p class="totop"><a href="#summary">back to summary</a></p>
<h3 id="m6">web.HomePageTests#isAjaxDataLoaded</h3><table class="result"><tr><th class="invisible"/></tr></table><p class="totop"><a href="#summary">back to summary</a></p>
<h3 id="m7">web.HomePageTests#isAlertPopUpClosed</h3><table class="result"><tr><th class="invisible"/></tr></table><p class="totop"><a href="#summary">back to summary</a></p>
<h3 id="m8">web.HomePageTests#isButtonDispalyedAfterDealy</h3><table class="result"><tr><th class="invisible"/></tr></table><p class="totop"><a href="#summary">back to summary</a></p>
<h3 id="m9">web.HomePageTests#isButtonIgnoringActionClicked</h3><table class="result"><tr><th class="invisible"/></tr></table><p class="totop"><a href="#summary">back to summary</a></p>
<h3 id="m10">web.HomePageTests#isCpuValueMatchChromeCpuValue</h3><table class="result"><tr><th class="invisible"/></tr></table><p class="totop"><a href="#summary">back to summary</a></p>
<h3 id="m11">web.HomePageTests#isDyanmicIdButtonChanged</h3><table class="result"><tr><th class="invisible"/></tr></table><p class="totop"><a href="#summary">back to summary</a></p>
<h3 id="m12">web.HomePageTests#isGreenButtonNotClickable</h3><table class="result"><tr><th class="invisible"/></tr></table><p class="totop"><a href="#summary">back to summary</a></p>
<h3 id="m13">web.HomePageTests#isTextAddedToField</h3><table class="result"><tr><th class="invisible"/></tr></table><p class="totop"><a href="#summary">back to summary</a></p>
<h2>Store Tests</h2><h3 id="m14">api.StoreTests#isInventroyReturned</h3><table class="result"><tr><th>Exception</th></tr><tr><td><div class="stacktrace">java.lang.AssertionError: 1 expectation failed.
JSON path disponible doesn&apos;t match.
Expected: &lt;1&gt;
  Actual: null

	at org.codehaus.groovy.runtime.callsite.ConstructorSite$ConstructorSiteNoUnwrapNoCoerce.callConstructor(ConstructorSite.java:108)
	at org.codehaus.groovy.runtime.callsite.CallSiteArray.defaultCallConstructor(CallSiteArray.java:57)
	at org.codehaus.groovy.runtime.callsite.AbstractCallSite.callConstructor(AbstractCallSite.java:263)
	at org.codehaus.groovy.runtime.callsite.AbstractCallSite.callConstructor(AbstractCallSite.java:277)
	at io.restassured.internal.ResponseSpecificationImpl$HamcrestAssertionClosure.validate(ResponseSpecificationImpl.groovy:512)
	at io.restassured.internal.ResponseSpecificationImpl$HamcrestAssertionClosure$validate$1.call(Unknown Source)
	at io.restassured.internal.ResponseSpecificationImpl.validateResponseIfRequired(ResponseSpecificationImpl.groovy:696)
	at io.restassured.internal.ResponseSpecificationImpl.this$2$validateResponseIfRequired(ResponseSpecificationImpl.groovy)
	at org.codehaus.groovy.runtime.callsite.PlainObjectMetaMethodSite.doInvoke(PlainObjectMetaMethodSite.java:43)
	at org.codehaus.groovy.runtime.callsite.PogoMetaMethodSite$PogoCachedMethodSiteNoUnwrapNoCoerce.invoke(PogoMetaMethodSite.java:198)
	at org.codehaus.groovy.runtime.callsite.PogoMetaMethodSite.callCurrent(PogoMetaMethodSite.java:62)
	at org.codehaus.groovy.runtime.callsite.AbstractCallSite.callCurrent(AbstractCallSite.java:185)
	at io.restassured.internal.ResponseSpecificationImpl.body(ResponseSpecificationImpl.groovy:270)
	at io.restassured.specification.ResponseSpecification$body$1.callCurrent(Unknown Source)
	at io.restassured.internal.ResponseSpecificationImpl.body(ResponseSpecificationImpl.groovy:117)
	at io.restassured.internal.ValidatableResponseOptionsImpl.body(ValidatableResponseOptionsImpl.java:244)
	at api.StoreTests.isInventroyReturned(StoreTests.java:74)
	at java.base/java.util.ArrayList.forEach(ArrayList.java:1511)
... Removed 38 stack frames</div></td></tr></table><p class="totop"><a href="#summary">back to summary</a></p>
<h3 id="m15">api.StoreTests#isOrderAdded</h3><table class="result"><tr><th class="invisible"/></tr></table><p class="totop"><a href="#summary">back to summary</a></p>
<h3 id="m16">api.StoreTests#isOrderDeleted</h3><table class="result"><tr><th class="invisible"/></tr></table><p class="totop"><a href="#summary">back to summary</a></p>
<h3 id="m17">api.StoreTests#isOrderIdRetrieved</h3><table class="result"><tr><th class="invisible"/></tr></table><p class="totop"><a href="#summary">back to summary</a></p>
</body>
</html>
