<?xml version="1.0" encoding="UTF-8"?>
<testng-results ignored="0" total="18" passed="16" failed="2" skipped="0">
  <reporter-output>
  </reporter-output>
  <suite started-at="2023-02-01T17:24:15 CET" name="Selenium 4 POC Tests " finished-at="2023-02-01T17:24:15 CET" duration-ms="0">
    <groups>
    </groups>
  </suite> <!-- Selenium 4 POC Tests  -->
  <suite started-at="2023-02-01T17:22:35 CET" name="Testing Web app" finished-at="2023-02-01T17:24:15 CET" duration-ms="100305">
    <groups>
    </groups>
    <test started-at="2023-02-01T17:22:35 CET" name="Resources Tests" finished-at="2023-02-01T17:22:54 CET" duration-ms="18633">
      <class name="web.ResourcesTests">
        <test-method is-config="true" signature="openPageURL()[pri:0, instance:web.ResourcesTests@306e95ec]" started-at="2023-02-01T17:22:35 CET" name="openPageURL" finished-at="2023-02-01T17:22:37 CET" duration-ms="2220" status="PASS">
          <reporter-output>
          </reporter-output>
        </test-method> <!-- openPageURL -->
        <test-method signature="isResourcesPageHeadersPresented()[pri:1, instance:web.ResourcesTests@306e95ec]" started-at="2023-02-01T17:22:37 CET" name="isResourcesPageHeadersPresented" description="Veryfing resources page having all headers" finished-at="2023-02-01T17:22:37 CET" duration-ms="55" status="PASS">
          <reporter-output>
          </reporter-output>
        </test-method> <!-- isResourcesPageHeadersPresented -->
        <test-method signature="isResourcePageLinksPresented()[pri:2, instance:web.ResourcesTests@306e95ec]" started-at="2023-02-01T17:22:37 CET" name="isResourcePageLinksPresented" description="Veryfing resource page having all links" finished-at="2023-02-01T17:22:38 CET" duration-ms="124" status="PASS">
          <reporter-output>
          </reporter-output>
        </test-method> <!-- isResourcePageLinksPresented -->
        <test-method is-config="true" signature="closeWebDriver()[pri:0, instance:web.ResourcesTests@306e95ec]" started-at="2023-02-01T17:22:38 CET" name="closeWebDriver" finished-at="2023-02-01T17:22:54 CET" duration-ms="16230" status="PASS">
          <reporter-output>
          </reporter-output>
        </test-method> <!-- closeWebDriver -->
      </class> <!-- web.ResourcesTests -->
    </test> <!-- Resources Tests -->
    <test started-at="2023-02-01T17:22:54 CET" name="NavBar Tests" finished-at="2023-02-01T17:23:12 CET" duration-ms="18666">
      <class name="web.NavBarTests">
        <test-method is-config="true" signature="openPageURL()[pri:0, instance:web.NavBarTests@1de76cc7]" started-at="2023-02-01T17:22:54 CET" name="openPageURL" finished-at="2023-02-01T17:22:55 CET" duration-ms="1512" status="PASS">
          <reporter-output>
          </reporter-output>
        </test-method> <!-- openPageURL -->
        <test-method is-config="true" signature="initiateNavBarWebElement()[pri:0, instance:web.NavBarTests@1de76cc7]" started-at="2023-02-01T17:22:55 CET" name="initiateNavBarWebElement" finished-at="2023-02-01T17:22:55 CET" duration-ms="19" status="PASS">
          <reporter-output>
          </reporter-output>
        </test-method> <!-- initiateNavBarWebElement -->
        <test-method signature="isHomePageOpened()[pri:1, instance:web.NavBarTests@1de76cc7]" started-at="2023-02-01T17:22:55 CET" name="isHomePageOpened" description="Veryfing switching to home tab" finished-at="2023-02-01T17:22:56 CET" duration-ms="343" status="PASS">
          <reporter-output>
          </reporter-output>
        </test-method> <!-- isHomePageOpened -->
        <test-method is-config="true" signature="initiateNavBarWebElement()[pri:0, instance:web.NavBarTests@1de76cc7]" started-at="2023-02-01T17:22:56 CET" name="initiateNavBarWebElement" finished-at="2023-02-01T17:22:56 CET" duration-ms="6" status="PASS">
          <reporter-output>
          </reporter-output>
        </test-method> <!-- initiateNavBarWebElement -->
        <test-method signature="isResourcePageOpened()[pri:2, instance:web.NavBarTests@1de76cc7]" started-at="2023-02-01T17:22:56 CET" name="isResourcePageOpened" description="Veryfing switching to resources tab" finished-at="2023-02-01T17:22:56 CET" duration-ms="331" status="PASS">
          <reporter-output>
          </reporter-output>
        </test-method> <!-- isResourcePageOpened -->
        <test-method is-config="true" signature="initiateNavBarWebElement()[pri:0, instance:web.NavBarTests@1de76cc7]" started-at="2023-02-01T17:22:56 CET" name="initiateNavBarWebElement" finished-at="2023-02-01T17:22:56 CET" duration-ms="7" status="PASS">
          <reporter-output>
          </reporter-output>
        </test-method> <!-- initiateNavBarWebElement -->
        <test-method signature="isUiTabPageOpened()[pri:3, instance:web.NavBarTests@1de76cc7]" started-at="2023-02-01T17:22:56 CET" name="isUiTabPageOpened" description="Veryfing switching to UI tab" finished-at="2023-02-01T17:22:56 CET" duration-ms="282" status="PASS">
          <reporter-output>
          </reporter-output>
        </test-method> <!-- isUiTabPageOpened -->
        <test-method is-config="true" signature="closeWebDriver()[pri:0, instance:web.NavBarTests@1de76cc7]" started-at="2023-02-01T17:22:56 CET" name="closeWebDriver" finished-at="2023-02-01T17:23:12 CET" duration-ms="16160" status="PASS">
          <reporter-output>
          </reporter-output>
        </test-method> <!-- closeWebDriver -->
      </class> <!-- web.NavBarTests -->
    </test> <!-- NavBar Tests -->
    <test started-at="2023-02-01T17:23:12 CET" name="Home Page Tests" finished-at="2023-02-01T17:24:15 CET" duration-ms="62987">
      <class name="web.HomePageTests">
        <test-method is-config="true" signature="openPageURL()[pri:0, instance:web.HomePageTests@32502377]" started-at="2023-02-01T17:23:12 CET" name="openPageURL" finished-at="2023-02-01T17:23:14 CET" duration-ms="1644" status="PASS">
          <reporter-output>
          </reporter-output>
        </test-method> <!-- openPageURL -->
        <test-method signature="isDyanmicIdButtonChanged()[pri:1, instance:web.HomePageTests@32502377]" started-at="2023-02-01T17:23:14 CET" name="isDyanmicIdButtonChanged" description="Veryfing that button id is not changed" finished-at="2023-02-01T17:23:15 CET" duration-ms="383" status="PASS">
          <reporter-output>
          </reporter-output>
        </test-method> <!-- isDyanmicIdButtonChanged -->
        <test-method is-config="true" signature="forwardBackToHomePage()[pri:0, instance:web.HomePageTests@32502377]" started-at="2023-02-01T17:23:15 CET" name="forwardBackToHomePage" finished-at="2023-02-01T17:23:15 CET" duration-ms="13" status="PASS">
          <reporter-output>
          </reporter-output>
        </test-method> <!-- forwardBackToHomePage -->
        <test-method signature="isAlertPopUpClosed()[pri:2, instance:web.HomePageTests@32502377]" started-at="2023-02-01T17:23:15 CET" name="isAlertPopUpClosed" description="Veryfing if the alert is closed" finished-at="2023-02-01T17:23:15 CET" duration-ms="343" status="PASS">
          <reporter-output>
          </reporter-output>
        </test-method> <!-- isAlertPopUpClosed -->
        <test-method is-config="true" signature="forwardBackToHomePage()[pri:0, instance:web.HomePageTests@32502377]" started-at="2023-02-01T17:23:15 CET" name="forwardBackToHomePage" finished-at="2023-02-01T17:23:15 CET" duration-ms="12" status="PASS">
          <reporter-output>
          </reporter-output>
        </test-method> <!-- forwardBackToHomePage -->
        <test-method signature="isGreenButtonNotClickable()[pri:3, instance:web.HomePageTests@32502377]" started-at="2023-02-01T17:23:15 CET" name="isGreenButtonNotClickable" description="Veryfing the green button is not clickable" finished-at="2023-02-01T17:23:16 CET" duration-ms="1453" status="PASS">
          <reporter-output>
          </reporter-output>
        </test-method> <!-- isGreenButtonNotClickable -->
        <test-method is-config="true" signature="forwardBackToHomePage()[pri:0, instance:web.HomePageTests@32502377]" started-at="2023-02-01T17:23:16 CET" name="forwardBackToHomePage" finished-at="2023-02-01T17:23:16 CET" duration-ms="20" status="PASS">
          <reporter-output>
          </reporter-output>
        </test-method> <!-- forwardBackToHomePage -->
        <test-method signature="isButtonDispalyedAfterDealy()[pri:4, instance:web.HomePageTests@32502377]" started-at="2023-02-01T17:23:16 CET" name="isButtonDispalyedAfterDealy" description="Veryfing the button apperance after dealy" finished-at="2023-02-01T17:23:22 CET" duration-ms="5326" status="PASS">
          <reporter-output>
          </reporter-output>
        </test-method> <!-- isButtonDispalyedAfterDealy -->
        <test-method is-config="true" signature="forwardBackToHomePage()[pri:0, instance:web.HomePageTests@32502377]" started-at="2023-02-01T17:23:22 CET" name="forwardBackToHomePage" finished-at="2023-02-01T17:23:22 CET" duration-ms="17" status="PASS">
          <reporter-output>
          </reporter-output>
        </test-method> <!-- forwardBackToHomePage -->
        <test-method signature="isAjaxDataLoaded()[pri:5, instance:web.HomePageTests@32502377]" started-at="2023-02-01T17:23:22 CET" name="isAjaxDataLoaded" description="Veryfing the apperance of AJAX data" finished-at="2023-02-01T17:23:38 CET" duration-ms="15857" status="PASS">
          <reporter-output>
          </reporter-output>
        </test-method> <!-- isAjaxDataLoaded -->
        <test-method is-config="true" signature="forwardBackToHomePage()[pri:0, instance:web.HomePageTests@32502377]" started-at="2023-02-01T17:23:38 CET" name="forwardBackToHomePage" finished-at="2023-02-01T17:23:38 CET" duration-ms="21" status="PASS">
          <reporter-output>
          </reporter-output>
        </test-method> <!-- forwardBackToHomePage -->
        <test-method signature="isButtonIgnoringActionClicked()[pri:6, instance:web.HomePageTests@32502377]" started-at="2023-02-01T17:23:38 CET" name="isButtonIgnoringActionClicked" description="Veryfing action over button ignoring click" finished-at="2023-02-01T17:23:38 CET" duration-ms="338" status="PASS">
          <reporter-output>
          </reporter-output>
        </test-method> <!-- isButtonIgnoringActionClicked -->
        <test-method is-config="true" signature="forwardBackToHomePage()[pri:0, instance:web.HomePageTests@32502377]" started-at="2023-02-01T17:23:38 CET" name="forwardBackToHomePage" finished-at="2023-02-01T17:23:38 CET" duration-ms="14" status="PASS">
          <reporter-output>
          </reporter-output>
        </test-method> <!-- forwardBackToHomePage -->
        <test-method signature="isTextAddedToField()[pri:7, instance:web.HomePageTests@32502377]" started-at="2023-02-01T17:23:38 CET" name="isTextAddedToField" description="Veryfing added text in text field" finished-at="2023-02-01T17:23:38 CET" duration-ms="396" status="PASS">
          <reporter-output>
          </reporter-output>
        </test-method> <!-- isTextAddedToField -->
        <test-method is-config="true" signature="forwardBackToHomePage()[pri:0, instance:web.HomePageTests@32502377]" started-at="2023-02-01T17:23:38 CET" name="forwardBackToHomePage" finished-at="2023-02-01T17:23:38 CET" duration-ms="18" status="PASS">
          <reporter-output>
          </reporter-output>
        </test-method> <!-- forwardBackToHomePage -->
        <test-method signature="isCpuValueMatchChromeCpuValue()[pri:8, instance:web.HomePageTests@32502377]" started-at="2023-02-01T17:23:38 CET" name="isCpuValueMatchChromeCpuValue" description="Veryfing matching between CPU cell value and chrome CPU value" finished-at="2023-02-01T17:23:39 CET" duration-ms="592" status="PASS">
          <reporter-output>
          </reporter-output>
        </test-method> <!-- isCpuValueMatchChromeCpuValue -->
        <test-method is-config="true" signature="forwardBackToHomePage()[pri:0, instance:web.HomePageTests@32502377]" started-at="2023-02-01T17:23:39 CET" name="forwardBackToHomePage" finished-at="2023-02-01T17:23:39 CET" duration-ms="24" status="PASS">
          <reporter-output>
          </reporter-output>
        </test-method> <!-- forwardBackToHomePage -->
        <test-method signature="trackProgressBarUpdate()[pri:9, instance:web.HomePageTests@32502377]" started-at="2023-02-01T17:23:39 CET" name="trackProgressBarUpdate" description="Veryfing the time of progress bar updates" finished-at="2023-02-01T17:23:59 CET" duration-ms="20319" status="FAIL">
          <exception class="org.openqa.selenium.TimeoutException">
            <message>
              <![CDATA[Expected condition failed: waiting for visibility of element located by By.xpath: //div[@aria-valuenow=75] (tried for 20 second(s) with 1 milliseconds interval)]]>
            </message>
            <full-stacktrace>
              <![CDATA[org.openqa.selenium.TimeoutException: Expected condition failed: waiting for visibility of element located by By.xpath: //div[@aria-valuenow=75] (tried for 20 second(s) with 1 milliseconds interval)
at org.openqa.selenium.support.ui.FluentWait.timeoutException(FluentWait.java:304)
at org.openqa.selenium.support.ui.FluentWait.until(FluentWait.java:272)
at webelement.HomeWebElement.trackProgressBarUpdateValueOf(HomeWebElement.java:239)
at web.HomePageTests.trackProgressBarUpdate(HomePageTests.java:95)
at java.base/jdk.internal.reflect.NativeMethodAccessorImpl.invoke0(Native Method)
at java.base/jdk.internal.reflect.NativeMethodAccessorImpl.invoke(NativeMethodAccessorImpl.java:77)
at java.base/jdk.internal.reflect.DelegatingMethodAccessorImpl.invoke(DelegatingMethodAccessorImpl.java:43)
at java.base/java.lang.reflect.Method.invoke(Method.java:568)
at org.testng.internal.MethodInvocationHelper.invokeMethod(MethodInvocationHelper.java:133)
at org.testng.internal.TestInvoker.invokeMethod(TestInvoker.java:598)
at org.testng.internal.TestInvoker.invokeTestMethod(TestInvoker.java:173)
at org.testng.internal.MethodRunner.runInSequence(MethodRunner.java:46)
at org.testng.internal.TestInvoker$MethodInvocationAgent.invoke(TestInvoker.java:824)
at org.testng.internal.TestInvoker.invokeTestMethods(TestInvoker.java:146)
at org.testng.internal.TestMethodWorker.invokeTestMethods(TestMethodWorker.java:146)
at org.testng.internal.TestMethodWorker.run(TestMethodWorker.java:128)
at java.base/java.util.ArrayList.forEach(ArrayList.java:1511)
at org.testng.TestRunner.privateRun(TestRunner.java:794)
at org.testng.TestRunner.run(TestRunner.java:596)
at org.testng.SuiteRunner.runTest(SuiteRunner.java:377)
at org.testng.SuiteRunner.runSequentially(SuiteRunner.java:371)
at org.testng.SuiteRunner.privateRun(SuiteRunner.java:332)
at org.testng.SuiteRunner.run(SuiteRunner.java:276)
at org.testng.SuiteRunnerWorker.runSuite(SuiteRunnerWorker.java:53)
at org.testng.SuiteRunnerWorker.run(SuiteRunnerWorker.java:96)
at org.testng.TestNG.runSuitesSequentially(TestNG.java:1212)
at org.testng.TestNG.runSuitesSequentially(TestNG.java:1207)
at org.testng.TestNG.runSuitesLocally(TestNG.java:1134)
at org.testng.TestNG.runSuites(TestNG.java:1063)
at org.testng.TestNG.run(TestNG.java:1031)
at org.testng.remote.AbstractRemoteTestNG.run(AbstractRemoteTestNG.java:115)
at org.testng.remote.RemoteTestNG.initAndRun(RemoteTestNG.java:251)
at org.testng.remote.RemoteTestNG.main(RemoteTestNG.java:77)
Caused by: org.openqa.selenium.NoSuchElementException: no such element: Unable to locate element: {"method":"xpath","selector":"//div[@aria-valuenow=75]"}
  (Session info: chrome=109.0.5414.120)
For documentation on this error, please visit: https://www.seleniumhq.org/exceptions/no_such_element.html
Build info: version: '3.141.59', revision: 'e82be7d358', time: '2018-11-14T08:17:03'
System info: host: 'EPESMALW03F9', ip: '192.168.0.108', os.name: 'Windows 10', os.arch: 'amd64', os.version: '10.0', java.version: '17.0.4.1'
Driver info: org.openqa.selenium.chrome.ChromeDriver
Capabilities {acceptInsecureCerts: false, browserName: chrome, browserVersion: 109.0.5414.120, chrome: {chromedriverVersion: 109.0.5414.74 (e7c5703604da..., userDataDir: C:\Users\Ahmed\AppData\Loca...}, goog:chromeOptions: {debuggerAddress: localhost:53505}, javascriptEnabled: true, networkConnectionEnabled: false, pageLoadStrategy: normal, platform: WINDOWS, platformName: WINDOWS, proxy: Proxy(), setWindowRect: true, strictFileInteractability: false, timeouts: {implicit: 0, pageLoad: 300000, script: 30000}, unhandledPromptBehavior: dismiss and notify, webauthn:extension:credBlob: true, webauthn:extension:largeBlob: true, webauthn:virtualAuthenticators: true}
Session ID: cdc5b055456c289d4cfc3bba66293995
*** Element info: {Using=xpath, value=//div[@aria-valuenow=75]}
at jdk.internal.reflect.GeneratedConstructorAccessor36.newInstance(Unknown Source)
at java.base/jdk.internal.reflect.DelegatingConstructorAccessorImpl.newInstance(DelegatingConstructorAccessorImpl.java:45)
at java.base/java.lang.reflect.Constructor.newInstanceWithCaller(Constructor.java:499)
at java.base/java.lang.reflect.Constructor.newInstance(Constructor.java:480)
at org.openqa.selenium.remote.http.W3CHttpResponseCodec.createException(W3CHttpResponseCodec.java:187)
at org.openqa.selenium.remote.http.W3CHttpResponseCodec.decode(W3CHttpResponseCodec.java:122)
at org.openqa.selenium.remote.http.W3CHttpResponseCodec.decode(W3CHttpResponseCodec.java:49)
at org.openqa.selenium.remote.HttpCommandExecutor.execute(HttpCommandExecutor.java:158)
at org.openqa.selenium.remote.service.DriverCommandExecutor.execute(DriverCommandExecutor.java:83)
at org.openqa.selenium.remote.RemoteWebDriver.execute(RemoteWebDriver.java:552)
at org.openqa.selenium.remote.RemoteWebDriver.findElement(RemoteWebDriver.java:323)
at org.openqa.selenium.remote.RemoteWebDriver.findElementByXPath(RemoteWebDriver.java:428)
at org.openqa.selenium.By$ByXPath.findElement(By.java:353)
at org.openqa.selenium.remote.RemoteWebDriver.findElement(RemoteWebDriver.java:315)
at org.openqa.selenium.support.ui.ExpectedConditions$7.apply(ExpectedConditions.java:205)
at org.openqa.selenium.support.ui.ExpectedConditions$7.apply(ExpectedConditions.java:201)
at org.openqa.selenium.support.ui.FluentWait.until(FluentWait.java:249)
... 31 more
]]>
            </full-stacktrace>
          </exception> <!-- org.openqa.selenium.TimeoutException -->
          <reporter-output>
          </reporter-output>
        </test-method> <!-- trackProgressBarUpdate -->
        <test-method is-config="true" signature="forwardBackToHomePage()[pri:0, instance:web.HomePageTests@32502377]" started-at="2023-02-01T17:23:59 CET" name="forwardBackToHomePage" finished-at="2023-02-01T17:23:59 CET" duration-ms="12" status="PASS">
          <reporter-output>
          </reporter-output>
        </test-method> <!-- forwardBackToHomePage -->
        <test-method is-config="true" signature="closeWebDriver()[pri:0, instance:web.HomePageTests@32502377]" started-at="2023-02-01T17:23:59 CET" name="closeWebDriver" finished-at="2023-02-01T17:24:15 CET" duration-ms="16173" status="PASS">
          <reporter-output>
          </reporter-output>
        </test-method> <!-- closeWebDriver -->
      </class> <!-- web.HomePageTests -->
    </test> <!-- Home Page Tests -->
  </suite> <!-- Testing Web app -->
  <suite started-at="2023-02-01T17:22:30 CET" name="Testing API URLs" finished-at="2023-02-01T17:22:35 CET" duration-ms="4820">
    <groups>
    </groups>
    <test started-at="2023-02-01T17:22:30 CET" name="Store Tests" finished-at="2023-02-01T17:22:35 CET" duration-ms="4820">
      <class name="api.StoreTests">
        <test-method is-config="true" signature="preConfiguration()[pri:0, instance:api.StoreTests@483f6d77]" started-at="2023-02-01T17:22:30 CET" name="preConfiguration" finished-at="2023-02-01T17:22:31 CET" duration-ms="335" status="PASS">
          <reporter-output>
          </reporter-output>
        </test-method> <!-- preConfiguration -->
        <test-method signature="isOrderAdded()[pri:1, instance:api.StoreTests@483f6d77]" started-at="2023-02-01T17:22:31 CET" name="isOrderAdded" description="Verifying if the order is added" finished-at="2023-02-01T17:22:33 CET" duration-ms="2418" status="PASS">
          <reporter-output>
          </reporter-output>
        </test-method> <!-- isOrderAdded -->
        <test-method signature="isOrderIdRetrieved()[pri:2, instance:api.StoreTests@483f6d77]" started-at="2023-02-01T17:22:33 CET" name="isOrderIdRetrieved" description="Verify searching for order id" finished-at="2023-02-01T17:22:34 CET" duration-ms="659" status="PASS">
          <reporter-output>
          </reporter-output>
        </test-method> <!-- isOrderIdRetrieved -->
        <test-method signature="isOrderDeleted()[pri:3, instance:api.StoreTests@483f6d77]" started-at="2023-02-01T17:22:34 CET" name="isOrderDeleted" description="Verify deleting order by id" finished-at="2023-02-01T17:22:34 CET" duration-ms="641" status="PASS">
          <reporter-output>
          </reporter-output>
        </test-method> <!-- isOrderDeleted -->
        <test-method signature="isInventroyReturned()[pri:4, instance:api.StoreTests@483f6d77]" started-at="2023-02-01T17:22:34 CET" name="isInventroyReturned" description="Verify getting inventory" finished-at="2023-02-01T17:22:35 CET" duration-ms="734" status="FAIL">
          <exception class="java.lang.AssertionError">
            <message>
              <![CDATA[1 expectation failed.
JSON path disponible doesn't match.
Expected: <1>
  Actual: null
]]>
            </message>
            <full-stacktrace>
              <![CDATA[java.lang.AssertionError: 1 expectation failed.
JSON path disponible doesn't match.
Expected: <1>
  Actual: null

at java.base/jdk.internal.reflect.NativeConstructorAccessorImpl.newInstance0(Native Method)
at java.base/jdk.internal.reflect.NativeConstructorAccessorImpl.newInstance(NativeConstructorAccessorImpl.java:77)
at java.base/jdk.internal.reflect.DelegatingConstructorAccessorImpl.newInstance(DelegatingConstructorAccessorImpl.java:45)
at java.base/java.lang.reflect.Constructor.newInstanceWithCaller(Constructor.java:499)
at java.base/java.lang.reflect.Constructor.newInstance(Constructor.java:480)
at org.codehaus.groovy.reflection.CachedConstructor.invoke(CachedConstructor.java:73)
at org.codehaus.groovy.runtime.callsite.ConstructorSite$ConstructorSiteNoUnwrapNoCoerce.callConstructor(ConstructorSite.java:108)
at org.codehaus.groovy.runtime.callsite.CallSiteArray.defaultCallConstructor(CallSiteArray.java:57)
at org.codehaus.groovy.runtime.callsite.AbstractCallSite.callConstructor(AbstractCallSite.java:263)
at org.codehaus.groovy.runtime.callsite.AbstractCallSite.callConstructor(AbstractCallSite.java:277)
at io.restassured.internal.ResponseSpecificationImpl$HamcrestAssertionClosure.validate(ResponseSpecificationImpl.groovy:512)
at io.restassured.internal.ResponseSpecificationImpl$HamcrestAssertionClosure$validate$1.call(Unknown Source)
at io.restassured.internal.ResponseSpecificationImpl.validateResponseIfRequired(ResponseSpecificationImpl.groovy:696)
at io.restassured.internal.ResponseSpecificationImpl.this$2$validateResponseIfRequired(ResponseSpecificationImpl.groovy)
at java.base/jdk.internal.reflect.NativeMethodAccessorImpl.invoke0(Native Method)
at java.base/jdk.internal.reflect.NativeMethodAccessorImpl.invoke(NativeMethodAccessorImpl.java:77)
at java.base/jdk.internal.reflect.DelegatingMethodAccessorImpl.invoke(DelegatingMethodAccessorImpl.java:43)
at java.base/java.lang.reflect.Method.invoke(Method.java:568)
at org.codehaus.groovy.runtime.callsite.PlainObjectMetaMethodSite.doInvoke(PlainObjectMetaMethodSite.java:43)
at org.codehaus.groovy.runtime.callsite.PogoMetaMethodSite$PogoCachedMethodSiteNoUnwrapNoCoerce.invoke(PogoMetaMethodSite.java:198)
at org.codehaus.groovy.runtime.callsite.PogoMetaMethodSite.callCurrent(PogoMetaMethodSite.java:62)
at org.codehaus.groovy.runtime.callsite.AbstractCallSite.callCurrent(AbstractCallSite.java:185)
at io.restassured.internal.ResponseSpecificationImpl.body(ResponseSpecificationImpl.groovy:270)
at io.restassured.specification.ResponseSpecification$body$1.callCurrent(Unknown Source)
at io.restassured.internal.ResponseSpecificationImpl.body(ResponseSpecificationImpl.groovy:117)
at io.restassured.internal.ValidatableResponseOptionsImpl.body(ValidatableResponseOptionsImpl.java:244)
at api.StoreTests.isInventroyReturned(StoreTests.java:74)
at java.base/jdk.internal.reflect.NativeMethodAccessorImpl.invoke0(Native Method)
at java.base/jdk.internal.reflect.NativeMethodAccessorImpl.invoke(NativeMethodAccessorImpl.java:77)
at java.base/jdk.internal.reflect.DelegatingMethodAccessorImpl.invoke(DelegatingMethodAccessorImpl.java:43)
at java.base/java.lang.reflect.Method.invoke(Method.java:568)
at org.testng.internal.MethodInvocationHelper.invokeMethod(MethodInvocationHelper.java:133)
at org.testng.internal.TestInvoker.invokeMethod(TestInvoker.java:598)
at org.testng.internal.TestInvoker.invokeTestMethod(TestInvoker.java:173)
at org.testng.internal.MethodRunner.runInSequence(MethodRunner.java:46)
at org.testng.internal.TestInvoker$MethodInvocationAgent.invoke(TestInvoker.java:824)
at org.testng.internal.TestInvoker.invokeTestMethods(TestInvoker.java:146)
at org.testng.internal.TestMethodWorker.invokeTestMethods(TestMethodWorker.java:146)
at org.testng.internal.TestMethodWorker.run(TestMethodWorker.java:128)
at java.base/java.util.ArrayList.forEach(ArrayList.java:1511)
at org.testng.TestRunner.privateRun(TestRunner.java:794)
at org.testng.TestRunner.run(TestRunner.java:596)
at org.testng.SuiteRunner.runTest(SuiteRunner.java:377)
at org.testng.SuiteRunner.runSequentially(SuiteRunner.java:371)
at org.testng.SuiteRunner.privateRun(SuiteRunner.java:332)
at org.testng.SuiteRunner.run(SuiteRunner.java:276)
at org.testng.SuiteRunnerWorker.runSuite(SuiteRunnerWorker.java:53)
at org.testng.SuiteRunnerWorker.run(SuiteRunnerWorker.java:96)
at org.testng.TestNG.runSuitesSequentially(TestNG.java:1212)
at org.testng.TestNG.runSuitesSequentially(TestNG.java:1207)
at org.testng.TestNG.runSuitesLocally(TestNG.java:1134)
at org.testng.TestNG.runSuites(TestNG.java:1063)
at org.testng.TestNG.run(TestNG.java:1031)
at org.testng.remote.AbstractRemoteTestNG.run(AbstractRemoteTestNG.java:115)
at org.testng.remote.RemoteTestNG.initAndRun(RemoteTestNG.java:251)
at org.testng.remote.RemoteTestNG.main(RemoteTestNG.java:77)
]]>
            </full-stacktrace>
          </exception> <!-- java.lang.AssertionError -->
          <reporter-output>
          </reporter-output>
        </test-method> <!-- isInventroyReturned -->
      </class> <!-- api.StoreTests -->
    </test> <!-- Store Tests -->
  </suite> <!-- Testing API URLs -->
</testng-results>
