<?xml version="1.0" encoding="UTF-8"?>
<!-- Generated by org.testng.reporters.JUnitXMLReporter -->
<testsuite ignored="0" hostname="EPESMALW03F9" failures="1" tests="9" name="Home Page Tests" time="62.987" errors="0" timestamp="2023-02-01T17:24:15 CET">
  <testcase classname="web.HomePageTests" name="isDyanmicIdButtonChanged" time="0.383"/>
  <testcase classname="web.HomePageTests" name="isAlertPopUpClosed" time="0.343"/>
  <testcase classname="web.HomePageTests" name="isGreenButtonNotClickable" time="1.453"/>
  <testcase classname="web.HomePageTests" name="isButtonDispalyedAfterDealy" time="5.326"/>
  <testcase classname="web.HomePageTests" name="isAjaxDataLoaded" time="15.857"/>
  <testcase classname="web.HomePageTests" name="isButtonIgnoringActionClicked" time="0.338"/>
  <testcase classname="web.HomePageTests" name="isTextAddedToField" time="0.396"/>
  <testcase classname="web.HomePageTests" name="isCpuValueMatchChromeCpuValue" time="0.592"/>
  <testcase classname="web.HomePageTests" name="trackProgressBarUpdate" time="20.319">
    <failure type="org.openqa.selenium.TimeoutException" message="Expected condition failed: waiting for visibility of element located by By.xpath: //div[@aria-valuenow=75] (tried for 20 second(s) with 1 milliseconds interval)">
      <![CDATA[org.openqa.selenium.TimeoutException: Expected condition failed: waiting for visibility of element located by By.xpath: //div[@aria-valuenow=75] (tried for 20 second(s) with 1 milliseconds interval)
at org.openqa.selenium.support.ui.FluentWait.timeoutException(FluentWait.java:304)
at org.openqa.selenium.support.ui.FluentWait.until(FluentWait.java:272)
at webelement.HomeWebElement.trackProgressBarUpdateValueOf(HomeWebElement.java:239)
at web.HomePageTests.trackProgressBarUpdate(HomePageTests.java:95)
at java.base/java.util.ArrayList.forEach(ArrayList.java:1511)
Caused by: org.openqa.selenium.NoSuchElementException: no such element: Unable to locate element: {"method":"xpath","selector":"//div[@aria-valuenow=75]"}
  (Session info: chrome=109.0.5414.120)
For documentation on this error, please visit: https://www.seleniumhq.org/exceptions/no_such_element.html
Build info: version: '3.141.59', revision: 'e82be7d358', time: '2018-11-14T08:17:03'
System info: host: 'EPESMALW03F9', ip: '192.168.0.108', os.name: 'Windows 10', os.arch: 'amd64', os.version: '10.0', java.version: '17.0.4.1'
Driver info: org.openqa.selenium.chrome.ChromeDriver
Capabilities {acceptInsecureCerts: false, browserName: chrome, browserVersion: 109.0.5414.120, chrome: {chromedriverVersion: 109.0.5414.74 (e7c5703604da..., userDataDir: C:\Users\Ahmed\AppData\Loca...}, goog:chromeOptions: {debuggerAddress: localhost:53505}, javascriptEnabled: true, networkConnectionEnabled: false, pageLoadStrategy: normal, platform: WINDOWS, platformName: WINDOWS, proxy: Proxy(), setWindowRect: true, strictFileInteractability: false, timeouts: {implicit: 0, pageLoad: 300000, script: 30000}, unhandledPromptBehavior: dismiss and notify, webauthn:extension:credBlob: true, webauthn:extension:largeBlob: true, webauthn:virtualAuthenticators: true}
Session ID: cdc5b055456c289d4cfc3bba66293995
*** Element info: {Using=xpath, value=//div[@aria-valuenow=75]}
at org.openqa.selenium.remote.http.W3CHttpResponseCodec.createException(W3CHttpResponseCodec.java:187)
at org.openqa.selenium.remote.http.W3CHttpResponseCodec.decode(W3CHttpResponseCodec.java:122)
at org.openqa.selenium.remote.http.W3CHttpResponseCodec.decode(W3CHttpResponseCodec.java:49)
at org.openqa.selenium.remote.HttpCommandExecutor.execute(HttpCommandExecutor.java:158)
at org.openqa.selenium.remote.service.DriverCommandExecutor.execute(DriverCommandExecutor.java:83)
at org.openqa.selenium.remote.RemoteWebDriver.execute(RemoteWebDriver.java:552)
at org.openqa.selenium.remote.RemoteWebDriver.findElement(RemoteWebDriver.java:323)
at org.openqa.selenium.remote.RemoteWebDriver.findElementByXPath(RemoteWebDriver.java:428)
at org.openqa.selenium.By$ByXPath.findElement(By.java:353)
at org.openqa.selenium.remote.RemoteWebDriver.findElement(RemoteWebDriver.java:315)
at org.openqa.selenium.support.ui.ExpectedConditions$7.apply(ExpectedConditions.java:205)
at org.openqa.selenium.support.ui.ExpectedConditions$7.apply(ExpectedConditions.java:201)
at org.openqa.selenium.support.ui.FluentWait.until(FluentWait.java:249)
... 31 more
... Removed 32 stack frames]]>
    </failure>
  </testcase> <!-- trackProgressBarUpdate -->
</testsuite> <!-- Home Page Tests -->
